# JRE version: Java(TM) SE Runtime Environment (8.0_45-b15) (build 1.8.0_45-b15)
# Java VM: Java HotSpot(TM) 64-Bit Server VM (25.45-b02 mixed mode windows-amd64 compressed oops)
Heap:
 PSYoungGen      total 75264K, used 30618K [0x000000076c780000, 0x0000000771b80000, 0x00000007c0000000)
  eden space 64512K, 47% used [0x000000076c780000,0x000000076e566af0,0x0000000770680000)
  from space 10752K, 0% used [0x0000000771100000,0x0000000771100000,0x0000000771b80000)
  to   space 10752K, 0% used [0x0000000770680000,0x0000000770680000,0x0000000771100000)
 ParOldGen       total 75264K, used 10261K [0x00000006c5600000, 0x00000006c9f80000, 0x000000076c780000)
  object space 75264K, 13% used [0x00000006c5600000,0x00000006c60056a0,0x00000006c9f80000)
 Metaspace       used 24052K, capacity 24344K, committed 24704K, reserved 1071104K
  class space    used 3041K, capacity 3157K, committed 3200K, reserved 1048576K
GC Heap History (6 events):
Event: 10.879 GC heap before
{Heap before GC invocations=1 (full 0):
 PSYoungGen      total 75264K, used 64512K [0x000000076c780000, 0x0000000771b80000, 0x00000007c0000000)
  eden space 64512K, 100% used [0x000000076c780000,0x0000000770680000,0x0000000770680000)
  from space 10752K, 0% used [0x0000000771100000,0x0000000771100000,0x0000000771b80000)
  to   space 10752K, 0% used [0x0000000770680000,0x0000000770680000,0x0000000771100000)
 ParOldGen       total 172032K, used 0K [0x00000006c5600000, 0x00000006cfe00000, 0x000000076c780000)
  object space 172032K, 0% used [0x00000006c5600000,0x00000006c5600000,0x00000006cfe00000)
 Metaspace       used 15658K, capacity 15942K, committed 16128K, reserved 1062912K
  class space    used 1937K, capacity 2048K, committed 2048K, reserved 1048576K
Event: 10.894 GC heap after
Heap after GC invocations=1 (full 0):
 PSYoungGen      total 75264K, used 10250K [0x000000076c780000, 0x0000000771b80000, 0x00000007c0000000)
  eden space 64512K, 0% used [0x000000076c780000,0x000000076c780000,0x0000000770680000)
  from space 10752K, 95% used [0x0000000770680000,0x0000000771082850,0x0000000771100000)
  to   space 10752K, 0% used [0x0000000771100000,0x0000000771100000,0x0000000771b80000)
 ParOldGen       total 172032K, used 80K [0x00000006c5600000, 0x00000006cfe00000, 0x000000076c780000)
  object space 172032K, 0% used [0x00000006c5600000,0x00000006c5614010,0x00000006cfe00000)
 Metaspace       used 15658K, capacity 15942K, committed 16128K, reserved 1062912K
  class space    used 1937K, capacity 2048K, committed 2048K, reserved 1048576K
}
Event: 29.886 GC heap before
{Heap before GC invocations=2 (full 0):
 PSYoungGen      total 75264K, used 52746K [0x000000076c780000, 0x0000000771b80000, 0x00000007c0000000)
  eden space 64512K, 65% used [0x000000076c780000,0x000000076f100180,0x0000000770680000)
  from space 10752K, 95% used [0x0000000770680000,0x0000000771082850,0x0000000771100000)
  to   space 10752K, 0% used [0x0000000771100000,0x0000000771100000,0x0000000771b80000)
 ParOldGen       total 172032K, used 80K [0x00000006c5600000, 0x00000006cfe00000, 0x000000076c780000)
  object space 172032K, 0% used [0x00000006c5600000,0x00000006c5614010,0x00000006cfe00000)
 Metaspace       used 20686K, capacity 20996K, committed 21248K, reserved 1067008K
  class space    used 2576K, capacity 2705K, committed 2816K, reserved 1048576K
Event: 29.899 GC heap after
Heap after GC invocations=2 (full 0):
 PSYoungGen      total 75264K, used 10495K [0x000000076c780000, 0x0000000771b80000, 0x00000007c0000000)
  eden space 64512K, 0% used [0x000000076c780000,0x000000076c780000,0x0000000770680000)
  from space 10752K, 97% used [0x0000000771100000,0x0000000771b3fc58,0x0000000771b80000)
  to   space 10752K, 0% used [0x0000000770680000,0x0000000770680000,0x0000000771100000)
 ParOldGen       total 172032K, used 160K [0x00000006c5600000, 0x00000006cfe00000, 0x000000076c780000)
  object space 172032K, 0% used [0x00000006c5600000,0x00000006c5628038,0x00000006cfe00000)
 Metaspace       used 20686K, capacity 20996K, committed 21248K, reserved 1067008K
  class space    used 2576K, capacity 2705K, committed 2816K, reserved 1048576K
}
Event: 29.899 GC heap before
{Heap before GC invocations=3 (full 1):
 PSYoungGen      total 75264K, used 10495K [0x000000076c780000, 0x0000000771b80000, 0x00000007c0000000)
  eden space 64512K, 0% used [0x000000076c780000,0x000000076c780000,0x0000000770680000)
  from space 10752K, 97% used [0x0000000771100000,0x0000000771b3fc58,0x0000000771b80000)
  to   space 10752K, 0% used [0x0000000770680000,0x0000000770680000,0x0000000771100000)
 ParOldGen       total 172032K, used 160K [0x00000006c5600000, 0x00000006cfe00000, 0x000000076c780000)
  object space 172032K, 0% used [0x00000006c5600000,0x00000006c5628038,0x00000006cfe00000)
 Metaspace       used 20686K, capacity 20996K, committed 21248K, reserved 1067008K
  class space    used 2576K, capacity 2705K, committed 2816K, reserved 1048576K
Event: 30.016 GC heap after
Heap after GC invocations=3 (full 1):
 PSYoungGen      total 75264K, used 0K [0x000000076c780000, 0x0000000771b80000, 0x00000007c0000000)
  eden space 64512K, 0% used [0x000000076c780000,0x000000076c780000,0x0000000770680000)
  from space 10752K, 0% used [0x0000000771100000,0x0000000771100000,0x0000000771b80000)
  to   space 10752K, 0% used [0x0000000770680000,0x0000000770680000,0x0000000771100000)
 ParOldGen       total 75264K, used 10261K [0x00000006c5600000, 0x00000006c9f80000, 0x000000076c780000)
  object space 75264K, 13% used [0x00000006c5600000,0x00000006c60056a0,0x00000006c9f80000)
 Metaspace       used 20686K, capacity 20996K, committed 21248K, reserved 1067008K
  class space    used 2576K, capacity 2705K, committed 2816K, reserved 1048576K
}

