# JRE version: Java(TM) SE Runtime Environment (8.0_45-b15) (build 1.8.0_45-b15)
# Java VM: Java HotSpot(TM) 64-Bit Server VM (25.45-b02 mixed mode windows-amd64 compressed oops)
Heap:
 PSYoungGen      total 75264K, used 62922K [0x000000076c780000, 0x0000000771b80000, 0x00000007c0000000)
  eden space 64512K, 97% used [0x000000076c780000,0x00000007704f2a48,0x0000000770680000)
  from space 10752K, 0% used [0x0000000771100000,0x0000000771100000,0x0000000771b80000)
  to   space 10752K, 0% used [0x0000000770680000,0x0000000770680000,0x0000000771100000)
 ParOldGen       total 79360K, used 12307K [0x00000006c5600000, 0x00000006ca380000, 0x000000076c780000)
  object space 79360K, 15% used [0x00000006c5600000,0x00000006c6204d58,0x00000006ca380000)
 Metaspace       used 23365K, capacity 23580K, committed 23680K, reserved 1071104K
  class space    used 2825K, capacity 2877K, committed 2944K, reserved 1048576K
GC Heap History (6 events):
Event: 8.435 GC heap before
{Heap before GC invocations=1 (full 0):
 PSYoungGen      total 75264K, used 64512K [0x000000076c780000, 0x0000000771b80000, 0x00000007c0000000)
  eden space 64512K, 100% used [0x000000076c780000,0x0000000770680000,0x0000000770680000)
  from space 10752K, 0% used [0x0000000771100000,0x0000000771100000,0x0000000771b80000)
  to   space 10752K, 0% used [0x0000000770680000,0x0000000770680000,0x0000000771100000)
 ParOldGen       total 172032K, used 0K [0x00000006c5600000, 0x00000006cfe00000, 0x000000076c780000)
  object space 172032K, 0% used [0x00000006c5600000,0x00000006c5600000,0x00000006cfe00000)
 Metaspace       used 14203K, capacity 14370K, committed 14592K, reserved 1062912K
  class space    used 1736K, capacity 1758K, committed 1792K, reserved 1048576K
Event: 8.445 GC heap after
Heap after GC invocations=1 (full 0):
 PSYoungGen      total 75264K, used 9643K [0x000000076c780000, 0x0000000771b80000, 0x00000007c0000000)
  eden space 64512K, 0% used [0x000000076c780000,0x000000076c780000,0x0000000770680000)
  from space 10752K, 89% used [0x0000000770680000,0x0000000770feae10,0x0000000771100000)
  to   space 10752K, 0% used [0x0000000771100000,0x0000000771100000,0x0000000771b80000)
 ParOldGen       total 172032K, used 72K [0x00000006c5600000, 0x00000006cfe00000, 0x000000076c780000)
  object space 172032K, 0% used [0x00000006c5600000,0x00000006c5612010,0x00000006cfe00000)
 Metaspace       used 14203K, capacity 14370K, committed 14592K, reserved 1062912K
  class space    used 1736K, capacity 1758K, committed 1792K, reserved 1048576K
}
Event: 19.042 GC heap before
{Heap before GC invocations=2 (full 0):
 PSYoungGen      total 75264K, used 61753K [0x000000076c780000, 0x0000000771b80000, 0x00000007c0000000)
  eden space 64512K, 80% used [0x000000076c780000,0x000000076fa63628,0x0000000770680000)
  from space 10752K, 89% used [0x0000000770680000,0x0000000770feae10,0x0000000771100000)
  to   space 10752K, 0% used [0x0000000771100000,0x0000000771100000,0x0000000771b80000)
 ParOldGen       total 172032K, used 72K [0x00000006c5600000, 0x00000006cfe00000, 0x000000076c780000)
  object space 172032K, 0% used [0x00000006c5600000,0x00000006c5612010,0x00000006cfe00000)
 Metaspace       used 20992K, capacity 21096K, committed 21296K, reserved 1069056K
  class space    used 2625K, capacity 2655K, committed 2688K, reserved 1048576K
Event: 19.052 GC heap after
Heap after GC invocations=2 (full 0):
 PSYoungGen      total 75264K, used 10736K [0x000000076c780000, 0x0000000771b80000, 0x00000007c0000000)
  eden space 64512K, 0% used [0x000000076c780000,0x000000076c780000,0x0000000770680000)
  from space 10752K, 99% used [0x0000000771100000,0x0000000771b7c160,0x0000000771b80000)
  to   space 10752K, 0% used [0x0000000770680000,0x0000000770680000,0x0000000771100000)
 ParOldGen       total 172032K, used 1964K [0x00000006c5600000, 0x00000006cfe00000, 0x000000076c780000)
  object space 172032K, 1% used [0x00000006c5600000,0x00000006c57eb2e8,0x00000006cfe00000)
 Metaspace       used 20992K, capacity 21096K, committed 21296K, reserved 1069056K
  class space    used 2625K, capacity 2655K, committed 2688K, reserved 1048576K
}
Event: 19.052 GC heap before
{Heap before GC invocations=3 (full 1):
 PSYoungGen      total 75264K, used 10736K [0x000000076c780000, 0x0000000771b80000, 0x00000007c0000000)
  eden space 64512K, 0% used [0x000000076c780000,0x000000076c780000,0x0000000770680000)
  from space 10752K, 99% used [0x0000000771100000,0x0000000771b7c160,0x0000000771b80000)
  to   space 10752K, 0% used [0x0000000770680000,0x0000000770680000,0x0000000771100000)
 ParOldGen       total 172032K, used 1964K [0x00000006c5600000, 0x00000006cfe00000, 0x000000076c780000)
  object space 172032K, 1% used [0x00000006c5600000,0x00000006c57eb2e8,0x00000006cfe00000)
 Metaspace       used 20992K, capacity 21096K, committed 21296K, reserved 1069056K
  class space    used 2625K, capacity 2655K, committed 2688K, reserved 1048576K
Event: 19.095 GC heap after
Heap after GC invocations=3 (full 1):
 PSYoungGen      total 75264K, used 0K [0x000000076c780000, 0x0000000771b80000, 0x00000007c0000000)
  eden space 64512K, 0% used [0x000000076c780000,0x000000076c780000,0x0000000770680000)
  from space 10752K, 0% used [0x0000000771100000,0x0000000771100000,0x0000000771b80000)
  to   space 10752K, 0% used [0x0000000770680000,0x0000000770680000,0x0000000771100000)
 ParOldGen       total 79360K, used 12307K [0x00000006c5600000, 0x00000006ca380000, 0x000000076c780000)
  object space 79360K, 15% used [0x00000006c5600000,0x00000006c6204d58,0x00000006ca380000)
 Metaspace       used 20992K, capacity 21096K, committed 21296K, reserved 1069056K
  class space    used 2625K, capacity 2655K, committed 2688K, reserved 1048576K
}

